11:48:58.050 [main] INFO  com.intuit.karate.Runner - using system property 'karate.options': --tags @regresion
11:48:58.239 [main] DEBUG com.intuit.karate.Suite - [config] classpath:karate-config.js
11:48:59.004 [main] INFO  com.intuit.karate - karate.env system property was: null 
11:48:59.296 [main] DEBUG com.intuit.karate - request:
1 > POST https://petstore.swagger.io/v2/user/createWithList
1 > Content-Type: application/json; charset=UTF-8
1 > Content-Length: 141
1 > Host: petstore.swagger.io
1 > Connection: Keep-Alive
1 > User-Agent: Apache-HttpClient/4.5.14 (Java/17.0.11)
1 > Accept-Encoding: gzip,deflate
[{"id":0,"username":"jllaure","firstName":"string","lastName":"string","email":"string","password":"string","phone":"string","userStatus":0}]

11:48:59.844 [main] DEBUG com.intuit.karate - response time in milliseconds: 545
1 < 200
1 < Date: Wed, 25 Feb 2026 16:48:59 GMT
1 < Content-Type: application/json
1 < Transfer-Encoding: chunked
1 < Connection: keep-alive
1 < Access-Control-Allow-Origin: *
1 < Access-Control-Allow-Methods: GET, POST, DELETE, PUT
1 < Access-Control-Allow-Headers: Content-Type, api_key, Authorization
1 < Server: Jetty(9.2.9.v20150224)
{"code":200,"type":"unknown","message":"ok"}

11:48:59.856 [main] INFO  com.intuit.karate - [print] {
  "code": 200,
  "type": "unknown",
  "message": "ok"
}
 
11:48:59.873 [main] INFO  com.intuit.karate - karate.env system property was: null 
11:48:59.883 [main] DEBUG com.intuit.karate - request:
1 > GET https://petstore.swagger.io/v2/user/jllaure
1 > Host: petstore.swagger.io
1 > Connection: Keep-Alive
1 > User-Agent: Apache-HttpClient/4.5.14 (Java/17.0.11)
1 > Accept-Encoding: gzip,deflate


11:49:00.185 [main] DEBUG com.intuit.karate - response time in milliseconds: 302
1 < 200
1 < Date: Wed, 25 Feb 2026 16:49:00 GMT
1 < Content-Type: application/json
1 < Transfer-Encoding: chunked
1 < Connection: keep-alive
1 < Access-Control-Allow-Origin: *
1 < Access-Control-Allow-Methods: GET, POST, DELETE, PUT
1 < Access-Control-Allow-Headers: Content-Type, api_key, Authorization
1 < Server: Jetty(9.2.9.v20150224)
{"id":8702213323448980387,"username":"jllaure","firstName":"nevada","lastName":"llapo","email":"nevada@gmail.com","password":"987654321","phone":"123456790","userStatus":0}

11:49:00.198 [main] INFO  com.intuit.karate - karate.env system property was: null 
11:49:00.202 [main] DEBUG com.intuit.karate - request:
1 > GET https://petstore.swagger.io/v2/user/user1
1 > Host: petstore.swagger.io
1 > Connection: Keep-Alive
1 > User-Agent: Apache-HttpClient/4.5.14 (Java/17.0.11)
1 > Accept-Encoding: gzip,deflate


11:49:00.501 [main] DEBUG com.intuit.karate - response time in milliseconds: 298
1 < 404
1 < Date: Wed, 25 Feb 2026 16:49:00 GMT
1 < Content-Type: application/json
1 < Transfer-Encoding: chunked
1 < Connection: keep-alive
1 < Access-Control-Allow-Origin: *
1 < Access-Control-Allow-Methods: GET, POST, DELETE, PUT
1 < Access-Control-Allow-Headers: Content-Type, api_key, Authorization
1 < Server: Jetty(9.2.9.v20150224)
{"code":1,"type":"error","message":"User not found"}

11:49:00.509 [main] INFO  com.intuit.karate - karate.env system property was: null 
11:49:00.513 [main] DEBUG com.intuit.karate - request:
1 > PUT https://petstore.swagger.io/v2/user/jllaure
1 > Content-Type: application/json; charset=UTF-8
1 > Content-Length: 165
1 > Host: petstore.swagger.io
1 > Connection: Keep-Alive
1 > User-Agent: Apache-HttpClient/4.5.14 (Java/17.0.11)
1 > Accept-Encoding: gzip,deflate
{"id":0,"username":"jllaure","firstName":"nevada","lastName":"llapo","email":"actualizacionUser@gmail.com","password":"987654321","phone":"123456790","userStatus":0}

11:49:00.813 [main] DEBUG com.intuit.karate - response time in milliseconds: 298
1 < 200
1 < Date: Wed, 25 Feb 2026 16:49:00 GMT
1 < Content-Type: application/json
1 < Transfer-Encoding: chunked
1 < Connection: keep-alive
1 < Access-Control-Allow-Origin: *
1 < Access-Control-Allow-Methods: GET, POST, DELETE, PUT
1 < Access-Control-Allow-Headers: Content-Type, api_key, Authorization
1 < Server: Jetty(9.2.9.v20150224)
{"code":200,"type":"unknown","message":"8702213323448980680"}

11:49:00.819 [main] INFO  com.intuit.karate - karate.env system property was: null 
11:49:00.822 [main] DEBUG com.intuit.karate - request:
1 > PUT https://petstore.swagger.io/v2/user/user125
1 > Content-Type: application/json; charset=UTF-8
1 > Content-Length: 165
1 > Host: petstore.swagger.io
1 > Connection: Keep-Alive
1 > User-Agent: Apache-HttpClient/4.5.14 (Java/17.0.11)
1 > Accept-Encoding: gzip,deflate
{"id":0,"username":"jllaure","firstName":"nevada","lastName":"llapo","email":"actualizacionUser@gmail.com","password":"987654321","phone":"123456790","userStatus":0}

11:49:01.121 [main] DEBUG com.intuit.karate - response time in milliseconds: 298
1 < 200
1 < Date: Wed, 25 Feb 2026 16:49:01 GMT
1 < Content-Type: application/json
1 < Transfer-Encoding: chunked
1 < Connection: keep-alive
1 < Access-Control-Allow-Origin: *
1 < Access-Control-Allow-Methods: GET, POST, DELETE, PUT
1 < Access-Control-Allow-Headers: Content-Type, api_key, Authorization
1 < Server: Jetty(9.2.9.v20150224)
{"code":200,"type":"unknown","message":"8702213323448980681"}

11:49:01.126 [main] ERROR com.intuit.karate - classpath:user/user.feature:45
Then status 404
status code was: 200, expected: 404, response time in milliseconds: 298, url: https://petstore.swagger.io/v2/user/user125, response: 
{"code":200,"type":"unknown","message":"8702213323448980681"}
classpath:user/user.feature:45
11:49:01.139 [main] INFO  com.intuit.karate - karate.env system property was: null 
11:49:01.142 [main] DEBUG com.intuit.karate - request:
1 > DELETE https://petstore.swagger.io/v2/user/string
1 > Host: petstore.swagger.io
1 > Connection: Keep-Alive
1 > User-Agent: Apache-HttpClient/4.5.14 (Java/17.0.11)
1 > Accept-Encoding: gzip,deflate


11:49:01.439 [main] DEBUG com.intuit.karate - response time in milliseconds: 297
1 < 200
1 < Date: Wed, 25 Feb 2026 16:49:01 GMT
1 < Content-Type: application/json
1 < Transfer-Encoding: chunked
1 < Connection: keep-alive
1 < Access-Control-Allow-Origin: *
1 < Access-Control-Allow-Methods: GET, POST, DELETE, PUT
1 < Access-Control-Allow-Headers: Content-Type, api_key, Authorization
1 < Server: Jetty(9.2.9.v20150224)
{"code":200,"type":"unknown","message":"string"}

11:49:01.445 [main] INFO  com.intuit.karate - karate.env system property was: null 
11:49:01.448 [main] DEBUG com.intuit.karate - request:
1 > DELETE https://petstore.swagger.io/v2/user/user125
1 > Host: petstore.swagger.io
1 > Connection: Keep-Alive
1 > User-Agent: Apache-HttpClient/4.5.14 (Java/17.0.11)
1 > Accept-Encoding: gzip,deflate


11:49:01.745 [main] DEBUG com.intuit.karate - response time in milliseconds: 296
1 < 404
1 < Date: Wed, 25 Feb 2026 16:49:01 GMT
1 < Content-Length: 0
1 < Connection: keep-alive
1 < Access-Control-Allow-Origin: *
1 < Access-Control-Allow-Methods: GET, POST, DELETE, PUT
1 < Access-Control-Allow-Headers: Content-Type, api_key, Authorization
1 < Server: Jetty(9.2.9.v20150224)


11:49:01.751 [main] INFO  com.intuit.karate - karate.env system property was: null 
11:49:01.757 [main] DEBUG com.intuit.karate - request:
1 > GET https://petstore.swagger.io/v2/user/login?username=jllaure&password=987654321
1 > Host: petstore.swagger.io
1 > Connection: Keep-Alive
1 > User-Agent: Apache-HttpClient/4.5.14 (Java/17.0.11)
1 > Accept-Encoding: gzip,deflate


11:49:02.055 [main] DEBUG com.intuit.karate - response time in milliseconds: 297
1 < 200
1 < Date: Wed, 25 Feb 2026 16:49:02 GMT
1 < Content-Type: application/json
1 < Transfer-Encoding: chunked
1 < Connection: keep-alive
1 < Access-Control-Allow-Origin: *
1 < Access-Control-Allow-Methods: GET, POST, DELETE, PUT
1 < Access-Control-Allow-Headers: Content-Type, api_key, Authorization
1 < X-Expires-After: Wed Feb 25 17:49:02 UTC 2026
1 < X-Rate-Limit: 5000
1 < Server: Jetty(9.2.9.v20150224)
{"code":200,"type":"unknown","message":"logged in user session:1772038142015"}

11:49:02.061 [main] INFO  com.intuit.karate - karate.env system property was: null 
11:49:02.065 [main] DEBUG com.intuit.karate - request:
1 > GET https://petstore.swagger.io/v2/user/login?username=user1&password=987654321
1 > Host: petstore.swagger.io
1 > Connection: Keep-Alive
1 > User-Agent: Apache-HttpClient/4.5.14 (Java/17.0.11)
1 > Accept-Encoding: gzip,deflate


11:49:02.365 [main] DEBUG com.intuit.karate - response time in milliseconds: 298
1 < 200
1 < Date: Wed, 25 Feb 2026 16:49:02 GMT
1 < Content-Type: application/json
1 < Transfer-Encoding: chunked
1 < Connection: keep-alive
1 < Access-Control-Allow-Origin: *
1 < Access-Control-Allow-Methods: GET, POST, DELETE, PUT
1 < Access-Control-Allow-Headers: Content-Type, api_key, Authorization
1 < X-Expires-After: Wed Feb 25 17:49:02 UTC 2026
1 < X-Rate-Limit: 5000
1 < Server: Jetty(9.2.9.v20150224)
{"code":200,"type":"unknown","message":"logged in user session:1772038142325"}

11:49:02.366 [main] ERROR com.intuit.karate - classpath:user/user.feature:77
Then status 404
status code was: 200, expected: 404, response time in milliseconds: 298, url: https://petstore.swagger.io/v2/user/login?username=user1&password=987654321, response: 
{"code":200,"type":"unknown","message":"logged in user session:1772038142325"}
classpath:user/user.feature:77
11:49:02.371 [main] INFO  com.intuit.karate - karate.env system property was: null 
11:49:02.375 [main] DEBUG com.intuit.karate - request:
1 > GET https://petstore.swagger.io/v2/user/logout
1 > Host: petstore.swagger.io
1 > Connection: Keep-Alive
1 > User-Agent: Apache-HttpClient/4.5.14 (Java/17.0.11)
1 > Accept-Encoding: gzip,deflate


11:49:02.674 [main] DEBUG com.intuit.karate - response time in milliseconds: 298
1 < 200
1 < Date: Wed, 25 Feb 2026 16:49:02 GMT
1 < Content-Type: application/json
1 < Transfer-Encoding: chunked
1 < Connection: keep-alive
1 < Access-Control-Allow-Origin: *
1 < Access-Control-Allow-Methods: GET, POST, DELETE, PUT
1 < Access-Control-Allow-Headers: Content-Type, api_key, Authorization
1 < Server: Jetty(9.2.9.v20150224)
{"code":200,"type":"unknown","message":"ok"}

11:49:02.680 [main] INFO  com.intuit.karate - karate.env system property was: null 
11:49:02.684 [main] DEBUG com.intuit.karate - request:
1 > POST https://petstore.swagger.io/v2/user/createWithArray
1 > Content-Type: application/json; charset=UTF-8
1 > Content-Length: 142
1 > Host: petstore.swagger.io
1 > Connection: Keep-Alive
1 > User-Agent: Apache-HttpClient/4.5.14 (Java/17.0.11)
1 > Accept-Encoding: gzip,deflate
[{"id":0,"username":"jllaure2","firstName":"string","lastName":"string","email":"string","password":"string","phone":"string","userStatus":0}]

11:49:02.984 [main] DEBUG com.intuit.karate - response time in milliseconds: 298
1 < 200
1 < Date: Wed, 25 Feb 2026 16:49:02 GMT
1 < Content-Type: application/json
1 < Transfer-Encoding: chunked
1 < Connection: keep-alive
1 < Access-Control-Allow-Origin: *
1 < Access-Control-Allow-Methods: GET, POST, DELETE, PUT
1 < Access-Control-Allow-Headers: Content-Type, api_key, Authorization
1 < Server: Jetty(9.2.9.v20150224)
{"code":200,"type":"unknown","message":"ok"}

11:49:02.989 [main] INFO  com.intuit.karate - karate.env system property was: null 
11:49:03.001 [main] DEBUG com.intuit.karate - request:
1 > POST https://petstore.swagger.io/v2/user
1 > Content-Type: application/json; charset=UTF-8
1 > Content-Length: 154
1 > Host: petstore.swagger.io
1 > Connection: Keep-Alive
1 > User-Agent: Apache-HttpClient/4.5.14 (Java/17.0.11)
1 > Accept-Encoding: gzip,deflate
{"id":99,"username":"jllapoa","firstName":"Enrique","lastName":"Llapo","email":"enrique@gmail.com","password":"987456","phone":"123456789","userStatus":0}

11:49:03.299 [main] DEBUG com.intuit.karate - response time in milliseconds: 298
1 < 200
1 < Date: Wed, 25 Feb 2026 16:49:03 GMT
1 < Content-Type: application/json
1 < Transfer-Encoding: chunked
1 < Connection: keep-alive
1 < Access-Control-Allow-Origin: *
1 < Access-Control-Allow-Methods: GET, POST, DELETE, PUT
1 < Access-Control-Allow-Headers: Content-Type, api_key, Authorization
1 < Server: Jetty(9.2.9.v20150224)
{"code":200,"type":"unknown","message":"99"}

